WARNING (------): DXF version not recognised or not release 12-15.
ASCII DXF release 15 is recommended
WARNING (001436): BLOCKS section group 70 unknown/not supported - ignored.
WARNING (001718): BLOCK object group 3 unknown/not supported - ignored.
WARNING (001720): BLOCK object group 1 unknown/not supported - ignored.
SYMBOL: layer="0", name="*Model_Space", org=(0,0), 0 entities.
WARNING (001742): BLOCK object group 67 unknown/not supported - ignored.
WARNING (001758): BLOCK object group 3 unknown/not supported - ignored.
WARNING (001760): BLOCK object group 1 unknown/not supported - ignored.
SYMBOL: layer="0", name="*Paper_Space", org=(0,0), 0 entities.
WARNING (001770): BLOCKS section group 67 unknown/not supported - ignored.
WARNING (001798): BLOCK object group 3 unknown/not supported - ignored.
WARNING (001800): BLOCK object group 1 unknown/not supported - ignored.
SYMBOL: layer="0", name="*Paper_Space0", org=(0,0), 0 entities.
ARC entity, line 1820
WARNING (001830): fcb.line, ARC entity group 6 unknown/not supported - ignored.
ARC: layer="0", c=(0,0), r=50800, start=139.3ø, end=220.7ø
ARC entity, line 1852
WARNING (001862): fcb.line, ARC entity group 6 unknown/not supported - ignored.
ARC: layer="0", c=(-35921,35921), r=3810, start=227.1ø, end=42.9ø
ARC entity, line 1884
WARNING (001894): fcb.line, ARC entity group 6 unknown/not supported - ignored.
ARC: layer="0", c=(35921,35921), r=3810, start=137.1ø, end=312.9ø
ARC entity, line 1916
WARNING (001926): fcb.line, ARC entity group 6 unknown/not supported - ignored.
ARC: layer="0", c=(0,0), r=50800, start=319.3ø, end=40.7ø
ARC entity, line 1948
WARNING (001958): fcb.line, ARC entity group 6 unknown/not supported - ignored.
ARC: layer="0", c=(35921,-35921), r=3810, start=47.1ø, end=222.9ø
ARC entity, line 1980
WARNING (001990): fcb.line, ARC entity group 6 unknown/not supported - ignored.
ARC: layer="0", c=(0,0), r=50800, start=229.3ø, end=310.7ø
ARC entity, line 2012
WARNING (002022): fcb.line, ARC entity group 6 unknown/not supported - ignored.
ARC: layer="0", c=(-35921,-35921), r=3810, start=317.1ø, end=132.9ø
ARC entity, line 2044
WARNING (002054): fcb.line, ARC entity group 6 unknown/not supported - ignored.
ARC: layer="0", c=(0,0), r=50800, start=49.3ø, end=130.7ø
EXPORT ARC: Unmapped arc: o=(0,0), r=50800, sa=139.3ø, ea=220.7ø.
EXPORT ARC: CTM: o=(0,0), rot=0.0ø, xscale=1.000000, yscale=1.000000
LINEARISING: c1=(-38513,33127) max=254
   c1=(-38513,33127), c2=(-38513,0), c3=(-38513,-33127), cs=139.3ø, cm=180.0ø, ce=220.7ø, pt=(-50800,0), d=12287
   c1=(-38513,33127), c2=(-44656,16563), c3=(-50800,0), cs=139.3ø, cm=159.6ø, ce=180.0ø, pt=(-47614,17707), d=3171
   c1=(-38513,33127), c2=(-43063,25417), c3=(-47614,17707), cs=139.3ø, cm=149.4ø, ce=159.6ø, pt=(-43726,25859), d=796
   c1=(-38513,33127), c2=(-41119,29493), c3=(-43726,25859), cs=139.3ø, cm=144.3ø, ce=149.4ø, pt=(-41254,29644), d=202
LINEARISING DONE. c3=(-43726,25859) cs=149.4ø (end=220.7)
LINEARISING: c1=(-43726,25859) max=254
   c1=(-43726,25859), c2=(-41119,-3634), c3=(-38513,-33127), cs=149.4ø, cm=185.0ø, ce=220.7ø, pt=(-50607,-4428), d=9521
   c1=(-43726,25859), c2=(-47166,10715), c3=(-50607,-4428), cs=149.4ø, cm=167.2ø, ce=185.0ø, pt=(-49538,11255), d=2432
   c1=(-43726,25859), c2=(-46632,18557), c3=(-49538,11255), cs=149.4ø, cm=158.3ø, ce=167.2ø, pt=(-47200,18783), d=611
   c1=(-43726,25859), c2=(-45463,22321), c3=(-47200,18783), cs=149.4ø, cm=153.8ø, ce=158.3ø, pt=(-45581,22428), d=159
LINEARISING DONE. c3=(-47200,18783) cs=158.3ø (end=220.7)
LINEARISING: c1=(-47200,18783) max=254
   c1=(-47200,18783), c2=(-42856,-7172), c3=(-38513,-33127), cs=158.3ø, cm=189.5ø, ce=220.7ø, pt=(-50103,-8384), d=7347
   c1=(-47200,18783), c2=(-48651,5199), c3=(-50103,-8384), cs=158.3ø, cm=173.9ø, ce=189.5ø, pt=(-50512,5398), d=1871
   c1=(-47200,18783), c2=(-48856,12090), c3=(-50512,5398), cs=158.3ø, cm=166.1ø, ce=173.9ø, pt=(-49312,12204), d=470
   c1=(-47200,18783), c2=(-48256,15493), c3=(-49312,12204), cs=158.3ø, cm=162.2ø, ce=166.1ø, pt=(-48368,15529), d=117
LINEARISING DONE. c3=(-49312,12204) cs=166.1ø (end=220.7)
LINEARISING: c1=(-49312,12204) max=254
   c1=(-49312,12204), c2=(-43912,-10461), c3=(-38513,-33127), cs=166.1ø, cm=193.4ø, ce=220.7ø, pt=(-49417,-11773), d=5659
   c1=(-49312,12204), c2=(-49364,215), c3=(-49417,-11773), cs=166.1ø, cm=179.7ø, ce=193.4ø, pt=(-50799,266), d=1435
   c1=(-49312,12204), c2=(-50055,6235), c3=(-50799,266), cs=166.1ø, cm=172.9ø, ce=179.7ø, pt=(-50410,6279), d=357
   c1=(-49312,12204), c2=(-49861,9241), c3=(-50410,6279), cs=166.1ø, cm=169.5ø, ce=172.9ø, pt=(-49949,9258), d=89
LINEARISING DONE. c3=(-50410,6279) cs=172.9ø (end=220.7)
LINEARISING: c1=(-50410,6279) max=254
   c1=(-50410,6279), c2=(-44461,-13424), c3=(-38513,-33127), cs=172.9ø, cm=196.8ø, ce=220.7ø, pt=(-48632,-14683), d=4356
   c1=(-50410,6279), c2=(-49521,-4202), c3=(-48632,-14683), cs=172.9ø, cm=184.8ø, ce=196.8ø, pt=(-50622,-4251), d=1102
   c1=(-50410,6279), c2=(-50516,1014), c3=(-50622,-4251), cs=172.9ø, cm=178.8ø, ce=184.8ø, pt=(-50789,1064), d=277
   c1=(-50410,6279), c2=(-50599,3671), c3=(-50789,1064), cs=172.9ø, cm=175.8ø, ce=178.8ø, pt=(-50664,3721), d=82
LINEARISING DONE. c3=(-50789,1064) cs=178.8ø (end=220.7)
LINEARISING: c1=(-50789,1064) max=254
   c1=(-50789,1064), c2=(-44651,-16031), c3=(-38513,-33127), cs=178.8ø, cm=199.7ø, ce=220.7ø, pt=(-47827,-17124), d=3358
   c1=(-50789,1064), c2=(-49308,-8030), c3=(-47827,-17124), cs=178.8ø, cm=189.2ø, ce=199.7ø, pt=(-50147,-8122), d=844
   c1=(-50789,1064), c2=(-50468,-3529), c3=(-50147,-8122), cs=178.8ø, cm=184.0ø, ce=189.2ø, pt=(-50676,-3544), d=208
LINEARISING DONE. c3=(-50147,-8122) cs=189.2ø (end=220.7)
LINEARISING: c1=(-50147,-8122) max=254
   c1=(-50147,-8122), c2=(-44330,-20624), c3=(-38513,-33127), cs=189.2ø, cm=204.9ø, ce=220.7ø, pt=(-46078,-21389), d=1908
   c1=(-50147,-8122), c2=(-48112,-14755), c3=(-46078,-21389), cs=189.2ø, cm=197.0ø, ce=204.9ø, pt=(-48580,-14852), d=477
   c1=(-50147,-8122), c2=(-49363,-11487), c3=(-48580,-14852), cs=189.2ø, cm=193.1ø, ce=197.0ø, pt=(-49478,-11514), d=118
LINEARISING DONE. c3=(-48580,-14852) cs=197.0ø (end=220.7)
LINEARISING: c1=(-48580,-14852) max=254
   c1=(-48580,-14852), c2=(-43546,-23989), c3=(-38513,-33127), cs=197.0ø, cm=208.8ø, ce=220.7ø, pt=(-44516,-24473), d=1084
   c1=(-48580,-14852), c2=(-46548,-19662), c3=(-44516,-24473), cs=197.0ø, cm=202.9ø, ce=208.8ø, pt=(-46796,-19767), d=269
   c1=(-48580,-14852), c2=(-47688,-17309), c3=(-46796,-19767), cs=197.0ø, cm=199.9ø, ce=202.9ø, pt=(-47767,-17291), d=81
LINEARISING DONE. c3=(-46796,-19767) cs=202.9ø (end=220.7)
LINEARISING: c1=(-46796,-19767) max=254
   c1=(-46796,-19767), c2=(-42654,-26447), c3=(-38513,-33127), cs=202.9ø, cm=211.8ø, ce=220.7ø, pt=(-43175,-26769), d=612
   c1=(-46796,-19767), c2=(-44985,-23268), c3=(-43175,-26769), cs=202.9ø, cm=207.3ø, ce=211.8ø, pt=(-45142,-23299), d=160
LINEARISING DONE. c3=(-43175,-26769) cs=211.8ø (end=220.7)
LINEARISING: c1=(-43175,-26769) max=254
   c1=(-43175,-26769), c2=(-40844,-29948), c3=(-38513,-33127), cs=211.8ø, cm=216.2ø, ce=220.7ø, pt=(-40994,-30003), d=159
LINEARISING DONE. c3=(-38513,-33127) cs=220.7ø (end=220.7)
EXPORT ARC: Arc linearised to 11 points.
EXPORT ARC: Unmapped arc: o=(-35921,35921), r=3810, sa=227.1ø, ea= 42.9ø.
EXPORT ARC: CTM: o=(0,0), rot=0.0ø, xscale=1.000000, yscale=1.000000
LINEARISING: c1=(-2594,-2791) max=19
   c1=(-2594,-2791), c2=(98,-2692), c3=(2791,-2594), cs=227.1ø, cm=272.1ø, ce=317.1ø, pt=(140,-3807), d=1115
   c1=(-2594,-2791), c2=(-1227,-3299), c3=(140,-3807), cs=227.1ø, cm=249.6ø, ce=272.1ø, pt=(-1328,-3571), d=290
   c1=(-2594,-2791), c2=(-1961,-3181), c3=(-1328,-3571), cs=227.1ø, cm=238.3ø, ce=249.6ø, pt=(-2002,-3242), d=73
   c1=(-2594,-2791), c2=(-2298,-3016), c3=(-2002,-3242), cs=227.1ø, cm=232.7ø, ce=238.3ø, pt=(-2309,-3031), d=18
LINEARISING DONE. c3=(-2002,-3242) cs=238.3ø (end=402.9)
LINEARISING: c1=(-2002,-3242) max=19
   c1=(-2002,-3242), c2=(620,-2622), c3=(3242,-2002), cs=238.3ø, cm=283.3ø, ce=328.3ø, pt=(876,-3708), d=1115
   c1=(-2002,-3242), c2=(-563,-3475), c3=(876,-3708), cs=238.3ø, cm=260.8ø, ce=283.3ø, pt=(-609,-3761), d=289
   c1=(-2002,-3242), c2=(-1305,-3501), c3=(-609,-3761), cs=238.3ø, cm=249.5ø, ce=260.8ø, pt=(-1334,-3569), d=73
   c1=(-2002,-3242), c2=(-1668,-3405), c3=(-1334,-3569), cs=238.3ø, cm=243.9ø, ce=249.5ø, pt=(-1676,-3421), d=17
LINEARISING DONE. c3=(-1334,-3569) cs=249.5ø (end=402.9)
LINEARISING: c1=(-1334,-3569) max=19
   c1=(-1334,-3569), c2=(1117,-2451), c3=(3569,-1334), cs=249.5ø, cm=294.5ø, ce=339.5ø, pt=(1580,-3467), d=1116
   c1=(-1334,-3569), c2=(123,-3518), c3=(1580,-3467), cs=249.5ø, cm=272.0ø, ce=294.5ø, pt=(133,-3808), d=290
   c1=(-1334,-3569), c2=(-600,-3688), c3=(133,-3808), cs=249.5ø, cm=260.7ø, ce=272.0ø, pt=(-616,-3760), d=73
   c1=(-1334,-3569), c2=(-975,-3664), c3=(-616,-3760), cs=249.5ø, cm=255.1ø, ce=260.7ø, pt=(-980,-3682), d=18
LINEARISING DONE. c3=(-616,-3760) cs=260.7ø (end=402.9)
LINEARISING: c1=(-616,-3760) max=19
   c1=(-616,-3760), c2=(1572,-2188), c3=(3760,-616), cs=260.7ø, cm=305.7ø, ce=350.7ø, pt=(2223,-3094), d=1115
   c1=(-616,-3760), c2=(803,-3427), c3=(2223,-3094), cs=260.7ø, cm=283.2ø, ce=305.7ø, pt=(870,-3709), d=289
   c1=(-616,-3760), c2=(127,-3734), c3=(870,-3709), cs=260.7ø, cm=271.9ø, ce=283.2ø, pt=(126,-3808), d=74
   c1=(-616,-3760), c2=(-245,-3784), c3=(126,-3808), cs=260.7ø, cm=266.3ø, ce=271.9ø, pt=(-246,-3802), d=18
LINEARISING DONE. c3=(126,-3808) cs=271.9ø (end=402.9)
LINEARISING: c1=(126,-3808) max=19
   c1=(126,-3808), c2=(1967,-1841), c3=(3808,126), cs=271.9ø, cm=316.9ø, ce=361.9ø, pt=(2782,-2603), d=1115
   c1=(126,-3808), c2=(1454,-3205), c3=(2782,-2603), cs=271.9ø, cm=294.4ø, ce=316.9ø, pt=(1574,-3470), d=290
   c1=(126,-3808), c2=(850,-3639), c3=(1574,-3470), cs=271.9ø, cm=283.1ø, ce=294.4ø, pt=(864,-3711), d=73
   c1=(126,-3808), c2=(495,-3759), c3=(864,-3711), cs=271.9ø, cm=277.5ø, ce=283.1ø, pt=(497,-3777), d=18
LINEARISING DONE. c3=(864,-3711) cs=283.1ø (end=402.9)
LINEARISING: c1=(864,-3711) max=19
   c1=(864,-3711), c2=(2287,-1423), c3=(3711,864), cs=283.1ø, cm=328.1ø, ce=373.1ø, pt=(3235,-2013), d=1116
   c1=(864,-3711), c2=(2049,-2862), c3=(3235,-2013), cs=283.1ø, cm=305.6ø, ce=328.1ø, pt=(2218,-3098), d=290
   c1=(864,-3711), c2=(1541,-3404), c3=(2218,-3098), cs=283.1ø, cm=294.3ø, ce=305.6ø, pt=(1568,-3472), d=73
   c1=(864,-3711), c2=(1216,-3591), c3=(1568,-3472), cs=283.1ø, cm=288.7ø, ce=294.3ø, pt=(1222,-3609), d=18
LINEARISING DONE. c3=(1568,-3472) cs=294.3ø (end=402.9)
LINEARISING: c1=(1568,-3472) max=19
   c1=(1568,-3472), c2=(2520,-952), c3=(3472,1568), cs=294.3ø, cm=339.3ø, ce=384.3ø, pt=(3564,-1347), d=1116
   c1=(1568,-3472), c2=(2566,-2409), c3=(3564,-1347), cs=294.3ø, cm=316.8ø, ce=339.3ø, pt=(2777,-2608), d=290
   c1=(1568,-3472), c2=(2172,-3040), c3=(2777,-2608), cs=294.3ø, cm=305.5ø, ce=316.8ø, pt=(2212,-3102), d=73
   c1=(1568,-3472), c2=(1890,-3287), c3=(2212,-3102), cs=294.3ø, cm=299.9ø, ce=305.5ø, pt=(1899,-3303), d=18
LINEARISING DONE. c3=(2212,-3102) cs=305.5ø (end=402.9)
LINEARISING: c1=(2212,-3102) max=19
   c1=(2212,-3102), c2=(2657,-445), c3=(3102,2212), cs=305.5ø, cm=350.5ø, ce=395.5ø, pt=(3758,-629), d=1116
   c1=(2212,-3102), c2=(2985,-1865), c3=(3758,-629), cs=305.5ø, cm=328.0ø, ce=350.5ø, pt=(3231,-2019), d=290
   c1=(2212,-3102), c2=(2721,-2560), c3=(3231,-2019), cs=305.5ø, cm=316.7ø, ce=328.0ø, pt=(2773,-2613), d=74
   c1=(2212,-3102), c2=(2492,-2857), c3=(2773,-2613), cs=305.5ø, cm=311.1ø, ce=316.7ø, pt=(2505,-2871), d=19
LINEARISING DONE. c3=(2773,-2613) cs=316.7ø (end=402.9)
LINEARISING: c1=(2773,-2613) max=19
   c1=(2773,-2613), c2=(2782,-9), c3=(2791,2594), cs=316.7ø, cm=359.8ø, ce=402.9ø, pt=(3810,-13), d=1028
   c1=(2773,-2613), c2=(3291,-1313), c3=(3810,-13), cs=316.7ø, cm=338.2ø, ce=359.8ø, pt=(3538,-1415), d=267
   c1=(2773,-2613), c2=(3155,-2014), c3=(3538,-1415), cs=316.7ø, cm=327.4ø, ce=338.2ø, pt=(3210,-2053), d=67
   c1=(2773,-2613), c2=(2991,-2333), c3=(3210,-2053), cs=316.7ø, cm=322.0ø, ce=327.4ø, pt=(3002,-2346), d=17
LINEARISING DONE. c3=(3210,-2053) cs=327.4ø (end=402.9)
LINEARISING: c1=(3210,-2053) max=19
   c1=(3210,-2053), c2=(3000,270), c3=(2791,2594), cs=327.4ø, cm=365.1ø, ce=402.9ø, pt=(3795,339), d=797
   c1=(3210,-2053), c2=(3502,-857), c3=(3795,339), cs=327.4ø, cm=346.2ø, ce=365.1ø, pt=(3700,-909), d=204
   c1=(3210,-2053), c2=(3455,-1481), c3=(3700,-909), cs=327.4ø, cm=336.8ø, ce=346.2ø, pt=(3502,-1501), d=51
   c1=(3210,-2053), c2=(3356,-1777), c3=(3502,-1501), cs=327.4ø, cm=332.1ø, ce=336.8ø, pt=(3367,-1783), d=12
LINEARISING DONE. c3=(3502,-1501) cs=336.8ø (end=402.9)
LINEARISING: c1=(3502,-1501) max=19
   c1=(3502,-1501), c2=(3146,546), c3=(2791,2594), cs=336.8ø, cm=369.8ø, ce=402.9ø, pt=(3754,648), d=616
   c1=(3502,-1501), c2=(3628,-426), c3=(3754,648), cs=336.8ø, cm=353.3ø, ce=369.8ø, pt=(3784,-445), d=157
   c1=(3502,-1501), c2=(3643,-973), c3=(3784,-445), cs=336.8ø, cm=345.0ø, ce=353.3ø, pt=(3680,-986), d=39
   c1=(3502,-1501), c2=(3591,-1243), c3=(3680,-986), cs=336.8ø, cm=340.9ø, ce=345.0ø, pt=(3600,-1247), d=9
LINEARISING DONE. c3=(3680,-986) cs=345.0ø (end=402.9)
LINEARISING: c1=(3680,-986) max=19
   c1=(3680,-986), c2=(3235,804), c3=(2791,2594), cs=345.0ø, cm=373.9ø, ce=402.9ø, pt=(3698,915), d=476
   c1=(3680,-986), c2=(3689,-35), c3=(3698,915), cs=345.0ø, cm=359.4ø, ce=373.9ø, pt=(3810,-40), d=121
   c1=(3680,-986), c2=(3745,-513), c3=(3810,-40), cs=345.0ø, cm=352.2ø, ce=359.4ø, pt=(3775,-517), d=30
   c1=(3680,-986), c2=(3727,-751), c3=(3775,-517), cs=345.0ø, cm=348.6ø, ce=352.2ø, pt=(3735,-753), d=8
LINEARISING DONE. c3=(3775,-517) cs=352.2ø (end=402.9)
LINEARISING: c1=(3775,-517) max=19
   c1=(3775,-517), c2=(3283,1038), c3=(2791,2594), cs=352.2ø, cm=377.5ø, ce=402.9ø, pt=(3634,1146), d=367
   c1=(3775,-517), c2=(3704,314), c3=(3634,1146), cs=352.2ø, cm=364.8ø, ce=377.5ø, pt=(3797,319), d=93
   c1=(3775,-517), c2=(3786,-99), c3=(3797,319), cs=352.2ø, cm=358.5ø, ce=364.8ø, pt=(3809,-100), d=23
   c1=(3775,-517), c2=(3792,-308), c3=(3809,-100), cs=352.2ø, cm=355.3ø, ce=358.5ø, pt=(3797,-312), d=6
LINEARISING DONE. c3=(3809,-100) cs=358.5ø (end=402.9)
LINEARISING: c1=(3809,-100) max=19
   c1=(3809,-100), c2=(3300,1247), c3=(2791,2594), cs=358.5ø, cm=380.7ø, ce=402.9ø, pt=(3564,1347), d=282
   c1=(3809,-100), c2=(3686,623), c3=(3564,1347), cs=358.5ø, cm=369.6ø, ce=380.7ø, pt=(3757,635), d=72
   c1=(3809,-100), c2=(3783,267), c3=(3757,635), cs=358.5ø, cm=364.0ø, ce=369.6ø, pt=(3801,266), d=18
LINEARISING DONE. c3=(3757,635) cs=369.6ø (end=402.9)
LINEARISING: c1=(3757,635) max=19
   c1=(3757,635), c2=(3274,1614), c3=(2791,2594), cs=369.6ø, cm=386.2ø, ce=402.9ø, pt=(3419,1682), d=160
   c1=(3757,635), c2=(3588,1158), c3=(3419,1682), cs=369.6ø, cm=377.9ø, ce=386.2ø, pt=(3626,1171), d=40
   c1=(3757,635), c2=(3691,903), c3=(3626,1171), cs=369.6ø, cm=373.7ø, ce=377.9ø, pt=(3702,902), d=11
LINEARISING DONE. c3=(3626,1171) cs=377.9ø (end=402.9)
LINEARISING: c1=(3626,1171) max=19
   c1=(3626,1171), c2=(3208,1882), c3=(2791,2594), cs=377.9ø, cm=390.4ø, ce=402.9ø, pt=(3286,1928), d=90
   c1=(3626,1171), c2=(3456,1549), c3=(3286,1928), cs=377.9ø, cm=384.1ø, ce=390.4ø, pt=(3478,1556), d=23
   c1=(3626,1171), c2=(3552,1363), c3=(3478,1556), cs=377.9ø, cm=381.0ø, ce=384.1ø, pt=(3557,1365), d=5
LINEARISING DONE. c3=(3478,1556) cs=384.1ø (end=402.9)
LINEARISING: c1=(3478,1556) max=19
   c1=(3478,1556), c2=(3134,2075), c3=(2791,2594), cs=384.1ø, cm=393.5ø, ce=402.9ø, pt=(3177,2103), d=51
   c1=(3478,1556), c2=(3327,1829), c3=(3177,2103), cs=384.1ø, cm=388.8ø, ce=393.5ø, pt=(3339,1835), d=13
LINEARISING DONE. c3=(3177,2103) cs=393.5ø (end=402.9)
LINEARISING: c1=(3177,2103) max=19
   c1=(3177,2103), c2=(2984,2348), c3=(2791,2594), cs=393.5ø, cm=398.2ø, ce=402.9ø, pt=(2994,2356), d=12
LINEARISING DONE. c3=(2791,2594) cs=402.9ø (end=402.9)
EXPORT ARC: Arc linearised to 19 points.
EXPORT ARC: Unmapped arc: o=(35921,35921), r=3810, sa=137.1ø, ea=312.9ø.
EXPORT ARC: CTM: o=(0,0), rot=0.0ø, xscale=1.000000, yscale=1.000000
LINEARISING: c1=(-2791,2594) max=19
   c1=(-2791,2594), c2=(-2692,-98), c3=(-2594,-2791), cs=137.1ø, cm=182.1ø, ce=227.1ø, pt=(-3807,-140), d=1115
   c1=(-2791,2594), c2=(-3299,1227), c3=(-3807,-140), cs=137.1ø, cm=159.6ø, ce=182.1ø, pt=(-3571,1328), d=290
   c1=(-2791,2594), c2=(-3181,1961), c3=(-3571,1328), cs=137.1ø, cm=148.3ø, ce=159.6ø, pt=(-3242,2002), d=73
   c1=(-2791,2594), c2=(-3016,2298), c3=(-3242,2002), cs=137.1ø, cm=142.7ø, ce=148.3ø, pt=(-3031,2309), d=18
LINEARISING DONE. c3=(-3242,2002) cs=148.3ø (end=312.9)
LINEARISING: c1=(-3242,2002) max=19
   c1=(-3242,2002), c2=(-2622,-620), c3=(-2002,-3242), cs=148.3ø, cm=193.3ø, ce=238.3ø, pt=(-3708,-876), d=1115
   c1=(-3242,2002), c2=(-3475,563), c3=(-3708,-876), cs=148.3ø, cm=170.8ø, ce=193.3ø, pt=(-3761,609), d=289
   c1=(-3242,2002), c2=(-3501,1305), c3=(-3761,609), cs=148.3ø, cm=159.5ø, ce=170.8ø, pt=(-3569,1334), d=73
   c1=(-3242,2002), c2=(-3405,1668), c3=(-3569,1334), cs=148.3ø, cm=153.9ø, ce=159.5ø, pt=(-3421,1676), d=17
LINEARISING DONE. c3=(-3569,1334) cs=159.5ø (end=312.9)
LINEARISING: c1=(-3569,1334) max=19
   c1=(-3569,1334), c2=(-2451,-1117), c3=(-1334,-3569), cs=159.5ø, cm=204.5ø, ce=249.5ø, pt=(-3467,-1580), d=1116
   c1=(-3569,1334), c2=(-3518,-123), c3=(-3467,-1580), cs=159.5ø, cm=182.0ø, ce=204.5ø, pt=(-3808,-133), d=290
   c1=(-3569,1334), c2=(-3688,600), c3=(-3808,-133), cs=159.5ø, cm=170.7ø, ce=182.0ø, pt=(-3760,616), d=73
   c1=(-3569,1334), c2=(-3664,975), c3=(-3760,616), cs=159.5ø, cm=165.1ø, ce=170.7ø, pt=(-3682,980), d=18
LINEARISING DONE. c3=(-3760,616) cs=170.7ø (end=312.9)
LINEARISING: c1=(-3760,616) max=19
   c1=(-3760,616), c2=(-2188,-1572), c3=(-616,-3760), cs=170.7ø, cm=215.7ø, ce=260.7ø, pt=(-3094,-2223), d=1115
   c1=(-3760,616), c2=(-3427,-803), c3=(-3094,-2223), cs=170.7ø, cm=193.2ø, ce=215.7ø, pt=(-3709,-870), d=289
   c1=(-3760,616), c2=(-3734,-127), c3=(-3709,-870), cs=170.7ø, cm=181.9ø, ce=193.2ø, pt=(-3808,-126), d=74
   c1=(-3760,616), c2=(-3784,245), c3=(-3808,-126), cs=170.7ø, cm=176.3ø, ce=181.9ø, pt=(-3802,246), d=18
LINEARISING DONE. c3=(-3808,-126) cs=181.9ø (end=312.9)
LINEARISING: c1=(-3808,-126) max=19
   c1=(-3808,-126), c2=(-1841,-1967), c3=(126,-3808), cs=181.9ø, cm=226.9ø, ce=271.9ø, pt=(-2603,-2782), d=1115
   c1=(-3808,-126), c2=(-3205,-1454), c3=(-2603,-2782), cs=181.9ø, cm=204.4ø, ce=226.9ø, pt=(-3470,-1574), d=290
   c1=(-3808,-126), c2=(-3639,-850), c3=(-3470,-1574), cs=181.9ø, cm=193.1ø, ce=204.4ø, pt=(-3711,-864), d=73
   c1=(-3808,-126), c2=(-3759,-495), c3=(-3711,-864), cs=181.9ø, cm=187.5ø, ce=193.1ø, pt=(-3777,-497), d=18
LINEARISING DONE. c3=(-3711,-864) cs=193.1ø (end=312.9)
LINEARISING: c1=(-3711,-864) max=19
   c1=(-3711,-864), c2=(-1423,-2287), c3=(864,-3711), cs=193.1ø, cm=238.1ø, ce=283.1ø, pt=(-2013,-3235), d=1116
   c1=(-3711,-864), c2=(-2862,-2049), c3=(-2013,-3235), cs=193.1ø, cm=215.6ø, ce=238.1ø, pt=(-3098,-2218), d=290
   c1=(-3711,-864), c2=(-3404,-1541), c3=(-3098,-2218), cs=193.1ø, cm=204.3ø, ce=215.6ø, pt=(-3472,-1568), d=73
   c1=(-3711,-864), c2=(-3591,-1216), c3=(-3472,-1568), cs=193.1ø, cm=198.7ø, ce=204.3ø, pt=(-3609,-1222), d=18
LINEARISING DONE. c3=(-3472,-1568) cs=204.3ø (end=312.9)
LINEARISING: c1=(-3472,-1568) max=19
   c1=(-3472,-1568), c2=(-952,-2520), c3=(1568,-3472), cs=204.3ø, cm=249.3ø, ce=294.3ø, pt=(-1347,-3564), d=1116
   c1=(-3472,-1568), c2=(-2409,-2566), c3=(-1347,-3564), cs=204.3ø, cm=226.8ø, ce=249.3ø, pt=(-2608,-2777), d=290
   c1=(-3472,-1568), c2=(-3040,-2172), c3=(-2608,-2777), cs=204.3ø, cm=215.5ø, ce=226.8ø, pt=(-3102,-2212), d=73
   c1=(-3472,-1568), c2=(-3287,-1890), c3=(-3102,-2212), cs=204.3ø, cm=209.9ø, ce=215.5ø, pt=(-3303,-1899), d=18
LINEARISING DONE. c3=(-3102,-2212) cs=215.5ø (end=312.9)
LINEARISING: c1=(-3102,-2212) max=19
   c1=(-3102,-2212), c2=(-445,-2657), c3=(2212,-3102), cs=215.5ø, cm=260.5ø, ce=305.5ø, pt=(-629,-3758), d=1116
   c1=(-3102,-2212), c2=(-1865,-2985), c3=(-629,-3758), cs=215.5ø, cm=238.0ø, ce=260.5ø, pt=(-2019,-3231), d=290
   c1=(-3102,-2212), c2=(-2560,-2721), c3=(-2019,-3231), cs=215.5ø, cm=226.7ø, ce=238.0ø, pt=(-2613,-2773), d=74
   c1=(-3102,-2212), c2=(-2857,-2492), c3=(-2613,-2773), cs=215.5ø, cm=221.1ø, ce=226.7ø, pt=(-2871,-2505), d=19
LINEARISING DONE. c3=(-2613,-2773) cs=226.7ø (end=312.9)
LINEARISING: c1=(-2613,-2773) max=19
   c1=(-2613,-2773), c2=(-9,-2782), c3=(2594,-2791), cs=226.7ø, cm=269.8ø, ce=312.9ø, pt=(-13,-3810), d=1028
   c1=(-2613,-2773), c2=(-1313,-3291), c3=(-13,-3810), cs=226.7ø, cm=248.2ø, ce=269.8ø, pt=(-1415,-3538), d=267
   c1=(-2613,-2773), c2=(-2014,-3155), c3=(-1415,-3538), cs=226.7ø, cm=237.4ø, ce=248.2ø, pt=(-2053,-3210), d=67
   c1=(-2613,-2773), c2=(-2333,-2991), c3=(-2053,-3210), cs=226.7ø, cm=232.0ø, ce=237.4ø, pt=(-2346,-3002), d=17
LINEARISING DONE. c3=(-2053,-3210) cs=237.4ø (end=312.9)
LINEARISING: c1=(-2053,-3210) max=19
   c1=(-2053,-3210), c2=(270,-3000), c3=(2594,-2791), cs=237.4ø, cm=275.1ø, ce=312.9ø, pt=(339,-3795), d=797
   c1=(-2053,-3210), c2=(-857,-3502), c3=(339,-3795), cs=237.4ø, cm=256.2ø, ce=275.1ø, pt=(-909,-3700), d=204
   c1=(-2053,-3210), c2=(-1481,-3455), c3=(-909,-3700), cs=237.4ø, cm=246.8ø, ce=256.2ø, pt=(-1501,-3502), d=51
   c1=(-2053,-3210), c2=(-1777,-3356), c3=(-1501,-3502), cs=237.4ø, cm=242.1ø, ce=246.8ø, pt=(-1783,-3367), d=12
LINEARISING DONE. c3=(-1501,-3502) cs=246.8ø (end=312.9)
LINEARISING: c1=(-1501,-3502) max=19
   c1=(-1501,-3502), c2=(546,-3146), c3=(2594,-2791), cs=246.8ø, cm=279.8ø, ce=312.9ø, pt=(648,-3754), d=616
   c1=(-1501,-3502), c2=(-426,-3628), c3=(648,-3754), cs=246.8ø, cm=263.3ø, ce=279.8ø, pt=(-445,-3784), d=157
   c1=(-1501,-3502), c2=(-973,-3643), c3=(-445,-3784), cs=246.8ø, cm=255.0ø, ce=263.3ø, pt=(-986,-3680), d=39
   c1=(-1501,-3502), c2=(-1243,-3591), c3=(-986,-3680), cs=246.8ø, cm=250.9ø, ce=255.0ø, pt=(-1247,-3600), d=9
LINEARISING DONE. c3=(-986,-3680) cs=255.0ø (end=312.9)
LINEARISING: c1=(-986,-3680) max=19
   c1=(-986,-3680), c2=(804,-3235), c3=(2594,-2791), cs=255.0ø, cm=283.9ø, ce=312.9ø, pt=(915,-3698), d=476
   c1=(-986,-3680), c2=(-35,-3689), c3=(915,-3698), cs=255.0ø, cm=269.4ø, ce=283.9ø, pt=(-40,-3810), d=121
   c1=(-986,-3680), c2=(-513,-3745), c3=(-40,-3810), cs=255.0ø, cm=262.2ø, ce=269.4ø, pt=(-517,-3775), d=30
   c1=(-986,-3680), c2=(-751,-3727), c3=(-517,-3775), cs=255.0ø, cm=258.6ø, ce=262.2ø, pt=(-753,-3735), d=8
LINEARISING DONE. c3=(-517,-3775) cs=262.2ø (end=312.9)
LINEARISING: c1=(-517,-3775) max=19
   c1=(-517,-3775), c2=(1038,-3283), c3=(2594,-2791), cs=262.2ø, cm=287.5ø, ce=312.9ø, pt=(1146,-3634), d=367
   c1=(-517,-3775), c2=(314,-3704), c3=(1146,-3634), cs=262.2ø, cm=274.8ø, ce=287.5ø, pt=(319,-3797), d=93
   c1=(-517,-3775), c2=(-99,-3786), c3=(319,-3797), cs=262.2ø, cm=268.5ø, ce=274.8ø, pt=(-100,-3809), d=23
   c1=(-517,-3775), c2=(-308,-3792), c3=(-100,-3809), cs=262.2ø, cm=265.3ø, ce=268.5ø, pt=(-312,-3797), d=6
LINEARISING DONE. c3=(-100,-3809) cs=268.5ø (end=312.9)
LINEARISING: c1=(-100,-3809) max=19
   c1=(-100,-3809), c2=(1247,-3300), c3=(2594,-2791), cs=268.5ø, cm=290.7ø, ce=312.9ø, pt=(1347,-3564), d=282
   c1=(-100,-3809), c2=(623,-3686), c3=(1347,-3564), cs=268.5ø, cm=279.6ø, ce=290.7ø, pt=(635,-3757), d=72
   c1=(-100,-3809), c2=(267,-3783), c3=(635,-3757), cs=268.5ø, cm=274.0ø, ce=279.6ø, pt=(266,-3801), d=18
LINEARISING DONE. c3=(635,-3757) cs=279.6ø (end=312.9)
LINEARISING: c1=(635,-3757) max=19
   c1=(635,-3757), c2=(1614,-3274), c3=(2594,-2791), cs=279.6ø, cm=296.2ø, ce=312.9ø, pt=(1682,-3419), d=160
   c1=(635,-3757), c2=(1158,-3588), c3=(1682,-3419), cs=279.6ø, cm=287.9ø, ce=296.2ø, pt=(1171,-3626), d=40
   c1=(635,-3757), c2=(903,-3691), c3=(1171,-3626), cs=279.6ø, cm=283.7ø, ce=287.9ø, pt=(902,-3702), d=11
LINEARISING DONE. c3=(1171,-3626) cs=287.9ø (end=312.9)
LINEARISING: c1=(1171,-3626) max=19
   c1=(1171,-3626), c2=(1882,-3208), c3=(2594,-2791), cs=287.9ø, cm=300.4ø, ce=312.9ø, pt=(1928,-3286), d=90
   c1=(1171,-3626), c2=(1549,-3456), c3=(1928,-3286), cs=287.9ø, cm=294.1ø, ce=300.4ø, pt=(1556,-3478), d=23
   c1=(1171,-3626), c2=(1363,-3552), c3=(1556,-3478), cs=287.9ø, cm=291.0ø, ce=294.1ø, pt=(1365,-3557), d=5
LINEARISING DONE. c3=(1556,-3478) cs=294.1ø (end=312.9)
LINEARISING: c1=(1556,-3478) max=19
   c1=(1556,-3478), c2=(2075,-3134), c3=(2594,-2791), cs=294.1ø, cm=303.5ø, ce=312.9ø, pt=(2103,-3177), d=51
   c1=(1556,-3478), c2=(1829,-3327), c3=(2103,-3177), cs=294.1ø, cm=298.8ø, ce=303.5ø, pt=(1835,-3339), d=13
LINEARISING DONE. c3=(2103,-3177) cs=303.5ø (end=312.9)
LINEARISING: c1=(2103,-3177) max=19
   c1=(2103,-3177), c2=(2348,-2984), c3=(2594,-2791), cs=303.5ø, cm=308.2ø, ce=312.9ø, pt=(2356,-2994), d=12
LINEARISING DONE. c3=(2594,-2791) cs=312.9ø (end=312.9)
EXPORT ARC: Arc linearised to 19 points.
EXPORT ARC: Unmapped arc: o=(0,0), r=50800, sa=319.3ø, ea= 40.7ø.
EXPORT ARC: CTM: o=(0,0), rot=0.0ø, xscale=1.000000, yscale=1.000000
LINEARISING: c1=(38513,-33127) max=254
   c1=(38513,-33127), c2=(38513,0), c3=(38513,33127), cs=319.3ø, cm=360.0ø, ce=400.7ø, pt=(50800,0), d=12287
   c1=(38513,-33127), c2=(44656,-16563), c3=(50800,0), cs=319.3ø, cm=339.6ø, ce=360.0ø, pt=(47614,-17707), d=3171
   c1=(38513,-33127), c2=(43063,-25417), c3=(47614,-17707), cs=319.3ø, cm=329.4ø, ce=339.6ø, pt=(43726,-25859), d=796
   c1=(38513,-33127), c2=(41119,-29493), c3=(43726,-25859), cs=319.3ø, cm=324.3ø, ce=329.4ø, pt=(41254,-29644), d=202
LINEARISING DONE. c3=(43726,-25859) cs=329.4ø (end=400.7)
LINEARISING: c1=(43726,-25859) max=254
   c1=(43726,-25859), c2=(41119,3634), c3=(38513,33127), cs=329.4ø, cm=365.0ø, ce=400.7ø, pt=(50607,4428), d=9521
   c1=(43726,-25859), c2=(47166,-10715), c3=(50607,4428), cs=329.4ø, cm=347.2ø, ce=365.0ø, pt=(49538,-11255), d=2432
   c1=(43726,-25859), c2=(46632,-18557), c3=(49538,-11255), cs=329.4ø, cm=338.3ø, ce=347.2ø, pt=(47200,-18783), d=611
   c1=(43726,-25859), c2=(45463,-22321), c3=(47200,-18783), cs=329.4ø, cm=333.8ø, ce=338.3ø, pt=(45581,-22428), d=159
LINEARISING DONE. c3=(47200,-18783) cs=338.3ø (end=400.7)
LINEARISING: c1=(47200,-18783) max=254
   c1=(47200,-18783), c2=(42856,7172), c3=(38513,33127), cs=338.3ø, cm=369.5ø, ce=400.7ø, pt=(50103,8384), d=7347
   c1=(47200,-18783), c2=(48651,-5199), c3=(50103,8384), cs=338.3ø, cm=353.9ø, ce=369.5ø, pt=(50512,-5398), d=1871
   c1=(47200,-18783), c2=(48856,-12090), c3=(50512,-5398), cs=338.3ø, cm=346.1ø, ce=353.9ø, pt=(49312,-12204), d=470
   c1=(47200,-18783), c2=(48256,-15493), c3=(49312,-12204), cs=338.3ø, cm=342.2ø, ce=346.1ø, pt=(48368,-15529), d=117
LINEARISING DONE. c3=(49312,-12204) cs=346.1ø (end=400.7)
LINEARISING: c1=(49312,-12204) max=254
   c1=(49312,-12204), c2=(43912,10461), c3=(38513,33127), cs=346.1ø, cm=373.4ø, ce=400.7ø, pt=(49417,11773), d=5659
   c1=(49312,-12204), c2=(49364,-215), c3=(49417,11773), cs=346.1ø, cm=359.7ø, ce=373.4ø, pt=(50799,-266), d=1435
   c1=(49312,-12204), c2=(50055,-6235), c3=(50799,-266), cs=346.1ø, cm=352.9ø, ce=359.7ø, pt=(50410,-6279), d=357
   c1=(49312,-12204), c2=(49861,-9241), c3=(50410,-6279), cs=346.1ø, cm=349.5ø, ce=352.9ø, pt=(49949,-9258), d=89
LINEARISING DONE. c3=(50410,-6279) cs=352.9ø (end=400.7)
LINEARISING: c1=(50410,-6279) max=254
   c1=(50410,-6279), c2=(44461,13424), c3=(38513,33127), cs=352.9ø, cm=376.8ø, ce=400.7ø, pt=(48632,14683), d=4356
   c1=(50410,-6279), c2=(49521,4202), c3=(48632,14683), cs=352.9ø, cm=364.8ø, ce=376.8ø, pt=(50622,4251), d=1102
   c1=(50410,-6279), c2=(50516,-1014), c3=(50622,4251), cs=352.9ø, cm=358.8ø, ce=364.8ø, pt=(50789,-1064), d=277
   c1=(50410,-6279), c2=(50599,-3671), c3=(50789,-1064), cs=352.9ø, cm=355.8ø, ce=358.8ø, pt=(50664,-3721), d=82
LINEARISING DONE. c3=(50789,-1064) cs=358.8ø (end=400.7)
LINEARISING: c1=(50789,-1064) max=254
   c1=(50789,-1064), c2=(44651,16031), c3=(38513,33127), cs=358.8ø, cm=379.7ø, ce=400.7ø, pt=(47827,17124), d=3358
   c1=(50789,-1064), c2=(49308,8030), c3=(47827,17124), cs=358.8ø, cm=369.2ø, ce=379.7ø, pt=(50147,8122), d=844
   c1=(50789,-1064), c2=(50468,3529), c3=(50147,8122), cs=358.8ø, cm=364.0ø, ce=369.2ø, pt=(50676,3544), d=208
LINEARISING DONE. c3=(50147,8122) cs=369.2ø (end=400.7)
LINEARISING: c1=(50147,8122) max=254
   c1=(50147,8122), c2=(44330,20624), c3=(38513,33127), cs=369.2ø, cm=384.9ø, ce=400.7ø, pt=(46078,21389), d=1908
   c1=(50147,8122), c2=(48112,14755), c3=(46078,21389), cs=369.2ø, cm=377.0ø, ce=384.9ø, pt=(48580,14852), d=477
   c1=(50147,8122), c2=(49363,11487), c3=(48580,14852), cs=369.2ø, cm=373.1ø, ce=377.0ø, pt=(49478,11514), d=118
LINEARISING DONE. c3=(48580,14852) cs=377.0ø (end=400.7)
LINEARISING: c1=(48580,14852) max=254
   c1=(48580,14852), c2=(43546,23989), c3=(38513,33127), cs=377.0ø, cm=388.8ø, ce=400.7ø, pt=(44516,24473), d=1084
   c1=(48580,14852), c2=(46548,19662), c3=(44516,24473), cs=377.0ø, cm=382.9ø, ce=388.8ø, pt=(46796,19767), d=269
   c1=(48580,14852), c2=(47688,17309), c3=(46796,19767), cs=377.0ø, cm=379.9ø, ce=382.9ø, pt=(47767,17291), d=81
LINEARISING DONE. c3=(46796,19767) cs=382.9ø (end=400.7)
LINEARISING: c1=(46796,19767) max=254
   c1=(46796,19767), c2=(42654,26447), c3=(38513,33127), cs=382.9ø, cm=391.8ø, ce=400.7ø, pt=(43175,26769), d=612
   c1=(46796,19767), c2=(44985,23268), c3=(43175,26769), cs=382.9ø, cm=387.3ø, ce=391.8ø, pt=(45142,23299), d=160
LINEARISING DONE. c3=(43175,26769) cs=391.8ø (end=400.7)
LINEARISING: c1=(43175,26769) max=254
   c1=(43175,26769), c2=(40844,29948), c3=(38513,33127), cs=391.8ø, cm=396.2ø, ce=400.7ø, pt=(40994,30003), d=159
LINEARISING DONE. c3=(38513,33127) cs=400.7ø (end=400.7)
EXPORT ARC: Arc linearised to 11 points.
EXPORT ARC: Unmapped arc: o=(35921,-35921), r=3810, sa=47.1ø, ea=222.9ø.
EXPORT ARC: CTM: o=(0,0), rot=0.0ø, xscale=1.000000, yscale=1.000000
LINEARISING: c1=(2594,2791) max=19
   c1=(2594,2791), c2=(-98,2692), c3=(-2791,2594), cs=47.1ø, cm=92.1ø, ce=137.1ø, pt=(-140,3807), d=1115
   c1=(2594,2791), c2=(1227,3299), c3=(-140,3807), cs=47.1ø, cm=69.6ø, ce=92.1ø, pt=(1328,3571), d=290
   c1=(2594,2791), c2=(1961,3181), c3=(1328,3571), cs=47.1ø, cm=58.3ø, ce=69.6ø, pt=(2002,3242), d=73
   c1=(2594,2791), c2=(2298,3016), c3=(2002,3242), cs=47.1ø, cm=52.7ø, ce=58.3ø, pt=(2309,3031), d=18
LINEARISING DONE. c3=(2002,3242) cs=58.3ø (end=222.9)
LINEARISING: c1=(2002,3242) max=19
   c1=(2002,3242), c2=(-620,2622), c3=(-3242,2002), cs=58.3ø, cm=103.3ø, ce=148.3ø, pt=(-876,3708), d=1115
   c1=(2002,3242), c2=(563,3475), c3=(-876,3708), cs=58.3ø, cm=80.8ø, ce=103.3ø, pt=(609,3761), d=289
   c1=(2002,3242), c2=(1305,3501), c3=(609,3761), cs=58.3ø, cm=69.5ø, ce=80.8ø, pt=(1334,3569), d=73
   c1=(2002,3242), c2=(1668,3405), c3=(1334,3569), cs=58.3ø, cm=63.9ø, ce=69.5ø, pt=(1676,3421), d=17
LINEARISING DONE. c3=(1334,3569) cs=69.5ø (end=222.9)
LINEARISING: c1=(1334,3569) max=19
   c1=(1334,3569), c2=(-1117,2451), c3=(-3569,1334), cs=69.5ø, cm=114.5ø, ce=159.5ø, pt=(-1580,3467), d=1116
   c1=(1334,3569), c2=(-123,3518), c3=(-1580,3467), cs=69.5ø, cm=92.0ø, ce=114.5ø, pt=(-133,3808), d=290
   c1=(1334,3569), c2=(600,3688), c3=(-133,3808), cs=69.5ø, cm=80.7ø, ce=92.0ø, pt=(616,3760), d=73
   c1=(1334,3569), c2=(975,3664), c3=(616,3760), cs=69.5ø, cm=75.1ø, ce=80.7ø, pt=(980,3682), d=18
LINEARISING DONE. c3=(616,3760) cs=80.7ø (end=222.9)
LINEARISING: c1=(616,3760) max=19
   c1=(616,3760), c2=(-1572,2188), c3=(-3760,616), cs=80.7ø, cm=125.7ø, ce=170.7ø, pt=(-2223,3094), d=1115
   c1=(616,3760), c2=(-803,3427), c3=(-2223,3094), cs=80.7ø, cm=103.2ø, ce=125.7ø, pt=(-870,3709), d=289
   c1=(616,3760), c2=(-127,3734), c3=(-870,3709), cs=80.7ø, cm=91.9ø, ce=103.2ø, pt=(-126,3808), d=74
   c1=(616,3760), c2=(245,3784), c3=(-126,3808), cs=80.7ø, cm=86.3ø, ce=91.9ø, pt=(246,3802), d=18
LINEARISING DONE. c3=(-126,3808) cs=91.9ø (end=222.9)
LINEARISING: c1=(-126,3808) max=19
   c1=(-126,3808), c2=(-1967,1841), c3=(-3808,-126), cs=91.9ø, cm=136.9ø, ce=181.9ø, pt=(-2782,2603), d=1115
   c1=(-126,3808), c2=(-1454,3205), c3=(-2782,2603), cs=91.9ø, cm=114.4ø, ce=136.9ø, pt=(-1574,3470), d=290
   c1=(-126,3808), c2=(-850,3639), c3=(-1574,3470), cs=91.9ø, cm=103.1ø, ce=114.4ø, pt=(-864,3711), d=73
   c1=(-126,3808), c2=(-495,3759), c3=(-864,3711), cs=91.9ø, cm=97.5ø, ce=103.1ø, pt=(-497,3777), d=18
LINEARISING DONE. c3=(-864,3711) cs=103.1ø (end=222.9)
LINEARISING: c1=(-864,3711) max=19
   c1=(-864,3711), c2=(-2287,1423), c3=(-3711,-864), cs=103.1ø, cm=148.1ø, ce=193.1ø, pt=(-3235,2013), d=1116
   c1=(-864,3711), c2=(-2049,2862), c3=(-3235,2013), cs=103.1ø, cm=125.6ø, ce=148.1ø, pt=(-2218,3098), d=290
   c1=(-864,3711), c2=(-1541,3404), c3=(-2218,3098), cs=103.1ø, cm=114.3ø, ce=125.6ø, pt=(-1568,3472), d=73
   c1=(-864,3711), c2=(-1216,3591), c3=(-1568,3472), cs=103.1ø, cm=108.7ø, ce=114.3ø, pt=(-1222,3609), d=18
LINEARISING DONE. c3=(-1568,3472) cs=114.3ø (end=222.9)
LINEARISING: c1=(-1568,3472) max=19
   c1=(-1568,3472), c2=(-2520,952), c3=(-3472,-1568), cs=114.3ø, cm=159.3ø, ce=204.3ø, pt=(-3564,1347), d=1116
   c1=(-1568,3472), c2=(-2566,2409), c3=(-3564,1347), cs=114.3ø, cm=136.8ø, ce=159.3ø, pt=(-2777,2608), d=290
   c1=(-1568,3472), c2=(-2172,3040), c3=(-2777,2608), cs=114.3ø, cm=125.5ø, ce=136.8ø, pt=(-2212,3102), d=73
   c1=(-1568,3472), c2=(-1890,3287), c3=(-2212,3102), cs=114.3ø, cm=119.9ø, ce=125.5ø, pt=(-1899,3303), d=18
LINEARISING DONE. c3=(-2212,3102) cs=125.5ø (end=222.9)
LINEARISING: c1=(-2212,3102) max=19
   c1=(-2212,3102), c2=(-2657,445), c3=(-3102,-2212), cs=125.5ø, cm=170.5ø, ce=215.5ø, pt=(-3758,629), d=1116
   c1=(-2212,3102), c2=(-2985,1865), c3=(-3758,629), cs=125.5ø, cm=148.0ø, ce=170.5ø, pt=(-3231,2019), d=290
   c1=(-2212,3102), c2=(-2721,2560), c3=(-3231,2019), cs=125.5ø, cm=136.7ø, ce=148.0ø, pt=(-2773,2613), d=74
   c1=(-2212,3102), c2=(-2492,2857), c3=(-2773,2613), cs=125.5ø, cm=131.1ø, ce=136.7ø, pt=(-2505,2871), d=19
LINEARISING DONE. c3=(-2773,2613) cs=136.7ø (end=222.9)
LINEARISING: c1=(-2773,2613) max=19
   c1=(-2773,2613), c2=(-2782,9), c3=(-2791,-2594), cs=136.7ø, cm=179.8ø, ce=222.9ø, pt=(-3810,13), d=1028
   c1=(-2773,2613), c2=(-3291,1313), c3=(-3810,13), cs=136.7ø, cm=158.2ø, ce=179.8ø, pt=(-3538,1415), d=267
   c1=(-2773,2613), c2=(-3155,2014), c3=(-3538,1415), cs=136.7ø, cm=147.4ø, ce=158.2ø, pt=(-3210,2053), d=67
   c1=(-2773,2613), c2=(-2991,2333), c3=(-3210,2053), cs=136.7ø, cm=142.0ø, ce=147.4ø, pt=(-3002,2346), d=17
LINEARISING DONE. c3=(-3210,2053) cs=147.4ø (end=222.9)
LINEARISING: c1=(-3210,2053) max=19
   c1=(-3210,2053), c2=(-3000,-270), c3=(-2791,-2594), cs=147.4ø, cm=185.1ø, ce=222.9ø, pt=(-3795,-339), d=797
   c1=(-3210,2053), c2=(-3502,857), c3=(-3795,-339), cs=147.4ø, cm=166.2ø, ce=185.1ø, pt=(-3700,909), d=204
   c1=(-3210,2053), c2=(-3455,1481), c3=(-3700,909), cs=147.4ø, cm=156.8ø, ce=166.2ø, pt=(-3502,1501), d=51
   c1=(-3210,2053), c2=(-3356,1777), c3=(-3502,1501), cs=147.4ø, cm=152.1ø, ce=156.8ø, pt=(-3367,1783), d=12
LINEARISING DONE. c3=(-3502,1501) cs=156.8ø (end=222.9)
LINEARISING: c1=(-3502,1501) max=19
   c1=(-3502,1501), c2=(-3146,-546), c3=(-2791,-2594), cs=156.8ø, cm=189.8ø, ce=222.9ø, pt=(-3754,-648), d=616
   c1=(-3502,1501), c2=(-3628,426), c3=(-3754,-648), cs=156.8ø, cm=173.3ø, ce=189.8ø, pt=(-3784,445), d=157
   c1=(-3502,1501), c2=(-3643,973), c3=(-3784,445), cs=156.8ø, cm=165.0ø, ce=173.3ø, pt=(-3680,986), d=39
   c1=(-3502,1501), c2=(-3591,1243), c3=(-3680,986), cs=156.8ø, cm=160.9ø, ce=165.0ø, pt=(-3600,1247), d=9
LINEARISING DONE. c3=(-3680,986) cs=165.0ø (end=222.9)
LINEARISING: c1=(-3680,986) max=19
   c1=(-3680,986), c2=(-3235,-804), c3=(-2791,-2594), cs=165.0ø, cm=193.9ø, ce=222.9ø, pt=(-3698,-915), d=476
   c1=(-3680,986), c2=(-3689,35), c3=(-3698,-915), cs=165.0ø, cm=179.4ø, ce=193.9ø, pt=(-3810,40), d=121
   c1=(-3680,986), c2=(-3745,513), c3=(-3810,40), cs=165.0ø, cm=172.2ø, ce=179.4ø, pt=(-3775,517), d=30
   c1=(-3680,986), c2=(-3727,751), c3=(-3775,517), cs=165.0ø, cm=168.6ø, ce=172.2ø, pt=(-3735,753), d=8
LINEARISING DONE. c3=(-3775,517) cs=172.2ø (end=222.9)
LINEARISING: c1=(-3775,517) max=19
   c1=(-3775,517), c2=(-3283,-1038), c3=(-2791,-2594), cs=172.2ø, cm=197.5ø, ce=222.9ø, pt=(-3634,-1146), d=367
   c1=(-3775,517), c2=(-3704,-314), c3=(-3634,-1146), cs=172.2ø, cm=184.8ø, ce=197.5ø, pt=(-3797,-319), d=93
   c1=(-3775,517), c2=(-3786,99), c3=(-3797,-319), cs=172.2ø, cm=178.5ø, ce=184.8ø, pt=(-3809,100), d=23
   c1=(-3775,517), c2=(-3792,308), c3=(-3809,100), cs=172.2ø, cm=175.3ø, ce=178.5ø, pt=(-3797,312), d=6
LINEARISING DONE. c3=(-3809,100) cs=178.5ø (end=222.9)
LINEARISING: c1=(-3809,100) max=19
   c1=(-3809,100), c2=(-3300,-1247), c3=(-2791,-2594), cs=178.5ø, cm=200.7ø, ce=222.9ø, pt=(-3564,-1347), d=282
   c1=(-3809,100), c2=(-3686,-623), c3=(-3564,-1347), cs=178.5ø, cm=189.6ø, ce=200.7ø, pt=(-3757,-635), d=72
   c1=(-3809,100), c2=(-3783,-267), c3=(-3757,-635), cs=178.5ø, cm=184.0ø, ce=189.6ø, pt=(-3801,-266), d=18
LINEARISING DONE. c3=(-3757,-635) cs=189.6ø (end=222.9)
LINEARISING: c1=(-3757,-635) max=19
   c1=(-3757,-635), c2=(-3274,-1614), c3=(-2791,-2594), cs=189.6ø, cm=206.2ø, ce=222.9ø, pt=(-3419,-1682), d=160
   c1=(-3757,-635), c2=(-3588,-1158), c3=(-3419,-1682), cs=189.6ø, cm=197.9ø, ce=206.2ø, pt=(-3626,-1171), d=40
   c1=(-3757,-635), c2=(-3691,-903), c3=(-3626,-1171), cs=189.6ø, cm=193.7ø, ce=197.9ø, pt=(-3702,-902), d=11
LINEARISING DONE. c3=(-3626,-1171) cs=197.9ø (end=222.9)
LINEARISING: c1=(-3626,-1171) max=19
   c1=(-3626,-1171), c2=(-3208,-1882), c3=(-2791,-2594), cs=197.9ø, cm=210.4ø, ce=222.9ø, pt=(-3286,-1928), d=90
   c1=(-3626,-1171), c2=(-3456,-1549), c3=(-3286,-1928), cs=197.9ø, cm=204.1ø, ce=210.4ø, pt=(-3478,-1556), d=23
   c1=(-3626,-1171), c2=(-3552,-1363), c3=(-3478,-1556), cs=197.9ø, cm=201.0ø, ce=204.1ø, pt=(-3557,-1365), d=5
LINEARISING DONE. c3=(-3478,-1556) cs=204.1ø (end=222.9)
LINEARISING: c1=(-3478,-1556) max=19
   c1=(-3478,-1556), c2=(-3134,-2075), c3=(-2791,-2594), cs=204.1ø, cm=213.5ø, ce=222.9ø, pt=(-3177,-2103), d=51
   c1=(-3478,-1556), c2=(-3327,-1829), c3=(-3177,-2103), cs=204.1ø, cm=208.8ø, ce=213.5ø, pt=(-3339,-1835), d=13
LINEARISING DONE. c3=(-3177,-2103) cs=213.5ø (end=222.9)
LINEARISING: c1=(-3177,-2103) max=19
   c1=(-3177,-2103), c2=(-2984,-2348), c3=(-2791,-2594), cs=213.5ø, cm=218.2ø, ce=222.9ø, pt=(-2994,-2356), d=12
LINEARISING DONE. c3=(-2791,-2594) cs=222.9ø (end=222.9)
EXPORT ARC: Arc linearised to 19 points.
EXPORT ARC: Unmapped arc: o=(0,0), r=50800, sa=229.3ø, ea=310.7ø.
EXPORT ARC: CTM: o=(0,0), rot=0.0ø, xscale=1.000000, yscale=1.000000
LINEARISING: c1=(-33127,-38513) max=254
   c1=(-33127,-38513), c2=(0,-38513), c3=(33127,-38513), cs=229.3ø, cm=270.0ø, ce=310.7ø, pt=(0,-50800), d=12287
   c1=(-33127,-38513), c2=(-16563,-44656), c3=(0,-50800), cs=229.3ø, cm=249.6ø, ce=270.0ø, pt=(-17707,-47614), d=3171
   c1=(-33127,-38513), c2=(-25417,-43063), c3=(-17707,-47614), cs=229.3ø, cm=239.4ø, ce=249.6ø, pt=(-25859,-43726), d=796
   c1=(-33127,-38513), c2=(-29493,-41119), c3=(-25859,-43726), cs=229.3ø, cm=234.3ø, ce=239.4ø, pt=(-29644,-41254), d=202
LINEARISING DONE. c3=(-25859,-43726) cs=239.4ø (end=310.7)
LINEARISING: c1=(-25859,-43726) max=254
   c1=(-25859,-43726), c2=(3634,-41119), c3=(33127,-38513), cs=239.4ø, cm=275.0ø, ce=310.7ø, pt=(4428,-50607), d=9521
   c1=(-25859,-43726), c2=(-10715,-47166), c3=(4428,-50607), cs=239.4ø, cm=257.2ø, ce=275.0ø, pt=(-11255,-49538), d=2432
   c1=(-25859,-43726), c2=(-18557,-46632), c3=(-11255,-49538), cs=239.4ø, cm=248.3ø, ce=257.2ø, pt=(-18783,-47200), d=611
   c1=(-25859,-43726), c2=(-22321,-45463), c3=(-18783,-47200), cs=239.4ø, cm=243.8ø, ce=248.3ø, pt=(-22428,-45581), d=159
LINEARISING DONE. c3=(-18783,-47200) cs=248.3ø (end=310.7)
LINEARISING: c1=(-18783,-47200) max=254
   c1=(-18783,-47200), c2=(7172,-42856), c3=(33127,-38513), cs=248.3ø, cm=279.5ø, ce=310.7ø, pt=(8384,-50103), d=7347
   c1=(-18783,-47200), c2=(-5199,-48651), c3=(8384,-50103), cs=248.3ø, cm=263.9ø, ce=279.5ø, pt=(-5398,-50512), d=1871
   c1=(-18783,-47200), c2=(-12090,-48856), c3=(-5398,-50512), cs=248.3ø, cm=256.1ø, ce=263.9ø, pt=(-12204,-49312), d=470
   c1=(-18783,-47200), c2=(-15493,-48256), c3=(-12204,-49312), cs=248.3ø, cm=252.2ø, ce=256.1ø, pt=(-15529,-48368), d=117
LINEARISING DONE. c3=(-12204,-49312) cs=256.1ø (end=310.7)
LINEARISING: c1=(-12204,-49312) max=254
   c1=(-12204,-49312), c2=(10461,-43912), c3=(33127,-38513), cs=256.1ø, cm=283.4ø, ce=310.7ø, pt=(11773,-49417), d=5659
   c1=(-12204,-49312), c2=(-215,-49364), c3=(11773,-49417), cs=256.1ø, cm=269.7ø, ce=283.4ø, pt=(-266,-50799), d=1435
   c1=(-12204,-49312), c2=(-6235,-50055), c3=(-266,-50799), cs=256.1ø, cm=262.9ø, ce=269.7ø, pt=(-6279,-50410), d=357
   c1=(-12204,-49312), c2=(-9241,-49861), c3=(-6279,-50410), cs=256.1ø, cm=259.5ø, ce=262.9ø, pt=(-9258,-49949), d=89
LINEARISING DONE. c3=(-6279,-50410) cs=262.9ø (end=310.7)
LINEARISING: c1=(-6279,-50410) max=254
   c1=(-6279,-50410), c2=(13424,-44461), c3=(33127,-38513), cs=262.9ø, cm=286.8ø, ce=310.7ø, pt=(14683,-48632), d=4356
   c1=(-6279,-50410), c2=(4202,-49521), c3=(14683,-48632), cs=262.9ø, cm=274.8ø, ce=286.8ø, pt=(4251,-50622), d=1102
   c1=(-6279,-50410), c2=(-1014,-50516), c3=(4251,-50622), cs=262.9ø, cm=268.8ø, ce=274.8ø, pt=(-1064,-50789), d=277
   c1=(-6279,-50410), c2=(-3671,-50599), c3=(-1064,-50789), cs=262.9ø, cm=265.8ø, ce=268.8ø, pt=(-3721,-50664), d=82
LINEARISING DONE. c3=(-1064,-50789) cs=268.8ø (end=310.7)
LINEARISING: c1=(-1064,-50789) max=254
   c1=(-1064,-50789), c2=(16031,-44651), c3=(33127,-38513), cs=268.8ø, cm=289.7ø, ce=310.7ø, pt=(17124,-47827), d=3358
   c1=(-1064,-50789), c2=(8030,-49308), c3=(17124,-47827), cs=268.8ø, cm=279.2ø, ce=289.7ø, pt=(8122,-50147), d=844
   c1=(-1064,-50789), c2=(3529,-50468), c3=(8122,-50147), cs=268.8ø, cm=274.0ø, ce=279.2ø, pt=(3544,-50676), d=208
LINEARISING DONE. c3=(8122,-50147) cs=279.2ø (end=310.7)
LINEARISING: c1=(8122,-50147) max=254
   c1=(8122,-50147), c2=(20624,-44330), c3=(33127,-38513), cs=279.2ø, cm=294.9ø, ce=310.7ø, pt=(21389,-46078), d=1908
   c1=(8122,-50147), c2=(14755,-48112), c3=(21389,-46078), cs=279.2ø, cm=287.0ø, ce=294.9ø, pt=(14852,-48580), d=477
   c1=(8122,-50147), c2=(11487,-49363), c3=(14852,-48580), cs=279.2ø, cm=283.1ø, ce=287.0ø, pt=(11514,-49478), d=118
LINEARISING DONE. c3=(14852,-48580) cs=287.0ø (end=310.7)
LINEARISING: c1=(14852,-48580) max=254
   c1=(14852,-48580), c2=(23989,-43546), c3=(33127,-38513), cs=287.0ø, cm=298.8ø, ce=310.7ø, pt=(24473,-44516), d=1084
   c1=(14852,-48580), c2=(19662,-46548), c3=(24473,-44516), cs=287.0ø, cm=292.9ø, ce=298.8ø, pt=(19767,-46796), d=269
   c1=(14852,-48580), c2=(17309,-47688), c3=(19767,-46796), cs=287.0ø, cm=289.9ø, ce=292.9ø, pt=(17291,-47767), d=81
LINEARISING DONE. c3=(19767,-46796) cs=292.9ø (end=310.7)
LINEARISING: c1=(19767,-46796) max=254
   c1=(19767,-46796), c2=(26447,-42654), c3=(33127,-38513), cs=292.9ø, cm=301.8ø, ce=310.7ø, pt=(26769,-43175), d=612
   c1=(19767,-46796), c2=(23268,-44985), c3=(26769,-43175), cs=292.9ø, cm=297.3ø, ce=301.8ø, pt=(23299,-45142), d=160
LINEARISING DONE. c3=(26769,-43175) cs=301.8ø (end=310.7)
LINEARISING: c1=(26769,-43175) max=254
   c1=(26769,-43175), c2=(29948,-40844), c3=(33127,-38513), cs=301.8ø, cm=306.2ø, ce=310.7ø, pt=(30003,-40994), d=159
LINEARISING DONE. c3=(33127,-38513) cs=310.7ø (end=310.7)
EXPORT ARC: Arc linearised to 11 points.
EXPORT ARC: Unmapped arc: o=(-35921,-35921), r=3810, sa=317.1ø, ea=132.9ø.
EXPORT ARC: CTM: o=(0,0), rot=0.0ø, xscale=1.000000, yscale=1.000000
LINEARISING: c1=(2791,-2594) max=19
   c1=(2791,-2594), c2=(2692,98), c3=(2594,2791), cs=317.1ø, cm=362.1ø, ce=407.1ø, pt=(3807,140), d=1115
   c1=(2791,-2594), c2=(3299,-1227), c3=(3807,140), cs=317.1ø, cm=339.6ø, ce=362.1ø, pt=(3571,-1328), d=290
   c1=(2791,-2594), c2=(3181,-1961), c3=(3571,-1328), cs=317.1ø, cm=328.3ø, ce=339.6ø, pt=(3242,-2002), d=73
   c1=(2791,-2594), c2=(3016,-2298), c3=(3242,-2002), cs=317.1ø, cm=322.7ø, ce=328.3ø, pt=(3031,-2309), d=18
LINEARISING DONE. c3=(3242,-2002) cs=328.3ø (end=492.9)
LINEARISING: c1=(3242,-2002) max=19
   c1=(3242,-2002), c2=(2622,620), c3=(2002,3242), cs=328.3ø, cm=373.3ø, ce=418.3ø, pt=(3708,876), d=1115
   c1=(3242,-2002), c2=(3475,-563), c3=(3708,876), cs=328.3ø, cm=350.8ø, ce=373.3ø, pt=(3761,-609), d=289
   c1=(3242,-2002), c2=(3501,-1305), c3=(3761,-609), cs=328.3ø, cm=339.5ø, ce=350.8ø, pt=(3569,-1334), d=73
   c1=(3242,-2002), c2=(3405,-1668), c3=(3569,-1334), cs=328.3ø, cm=333.9ø, ce=339.5ø, pt=(3421,-1676), d=17
LINEARISING DONE. c3=(3569,-1334) cs=339.5ø (end=492.9)
LINEARISING: c1=(3569,-1334) max=19
   c1=(3569,-1334), c2=(2451,1117), c3=(1334,3569), cs=339.5ø, cm=384.5ø, ce=429.5ø, pt=(3467,1580), d=1116
   c1=(3569,-1334), c2=(3518,123), c3=(3467,1580), cs=339.5ø, cm=362.0ø, ce=384.5ø, pt=(3808,133), d=290
   c1=(3569,-1334), c2=(3688,-600), c3=(3808,133), cs=339.5ø, cm=350.7ø, ce=362.0ø, pt=(3760,-616), d=73
   c1=(3569,-1334), c2=(3664,-975), c3=(3760,-616), cs=339.5ø, cm=345.1ø, ce=350.7ø, pt=(3682,-980), d=18
LINEARISING DONE. c3=(3760,-616) cs=350.7ø (end=492.9)
LINEARISING: c1=(3760,-616) max=19
   c1=(3760,-616), c2=(2188,1572), c3=(616,3760), cs=350.7ø, cm=395.7ø, ce=440.7ø, pt=(3094,2223), d=1115
   c1=(3760,-616), c2=(3427,803), c3=(3094,2223), cs=350.7ø, cm=373.2ø, ce=395.7ø, pt=(3709,870), d=289
   c1=(3760,-616), c2=(3734,127), c3=(3709,870), cs=350.7ø, cm=361.9ø, ce=373.2ø, pt=(3808,126), d=74
   c1=(3760,-616), c2=(3784,-245), c3=(3808,126), cs=350.7ø, cm=356.3ø, ce=361.9ø, pt=(3802,-246), d=18
LINEARISING DONE. c3=(3808,126) cs=361.9ø (end=492.9)
LINEARISING: c1=(3808,126) max=19
   c1=(3808,126), c2=(1841,1967), c3=(-126,3808), cs=361.9ø, cm=406.9ø, ce=451.9ø, pt=(2603,2782), d=1115
   c1=(3808,126), c2=(3205,1454), c3=(2603,2782), cs=361.9ø, cm=384.4ø, ce=406.9ø, pt=(3470,1574), d=290
   c1=(3808,126), c2=(3639,850), c3=(3470,1574), cs=361.9ø, cm=373.1ø, ce=384.4ø, pt=(3711,864), d=73
   c1=(3808,126), c2=(3759,495), c3=(3711,864), cs=361.9ø, cm=367.5ø, ce=373.1ø, pt=(3777,497), d=18
LINEARISING DONE. c3=(3711,864) cs=373.1ø (end=492.9)
LINEARISING: c1=(3711,864) max=19
   c1=(3711,864), c2=(1423,2287), c3=(-864,3711), cs=373.1ø, cm=418.1ø, ce=463.1ø, pt=(2013,3235), d=1116
   c1=(3711,864), c2=(2862,2049), c3=(2013,3235), cs=373.1ø, cm=395.6ø, ce=418.1ø, pt=(3098,2218), d=290
   c1=(3711,864), c2=(3404,1541), c3=(3098,2218), cs=373.1ø, cm=384.3ø, ce=395.6ø, pt=(3472,1568), d=73
   c1=(3711,864), c2=(3591,1216), c3=(3472,1568), cs=373.1ø, cm=378.7ø, ce=384.3ø, pt=(3609,1222), d=18
LINEARISING DONE. c3=(3472,1568) cs=384.3ø (end=492.9)
LINEARISING: c1=(3472,1568) max=19
   c1=(3472,1568), c2=(952,2520), c3=(-1568,3472), cs=384.3ø, cm=429.3ø, ce=474.3ø, pt=(1347,3564), d=1116
   c1=(3472,1568), c2=(2409,2566), c3=(1347,3564), cs=384.3ø, cm=406.8ø, ce=429.3ø, pt=(2608,2777), d=290
   c1=(3472,1568), c2=(3040,2172), c3=(2608,2777), cs=384.3ø, cm=395.5ø, ce=406.8ø, pt=(3102,2212), d=73
   c1=(3472,1568), c2=(3287,1890), c3=(3102,2212), cs=384.3ø, cm=389.9ø, ce=395.5ø, pt=(3303,1899), d=18
LINEARISING DONE. c3=(3102,2212) cs=395.5ø (end=492.9)
LINEARISING: c1=(3102,2212) max=19
   c1=(3102,2212), c2=(445,2657), c3=(-2212,3102), cs=395.5ø, cm=440.5ø, ce=485.5ø, pt=(629,3758), d=1116
   c1=(3102,2212), c2=(1865,2985), c3=(629,3758), cs=395.5ø, cm=418.0ø, ce=440.5ø, pt=(2019,3231), d=290
   c1=(3102,2212), c2=(2560,2721), c3=(2019,3231), cs=395.5ø, cm=406.7ø, ce=418.0ø, pt=(2613,2773), d=74
   c1=(3102,2212), c2=(2857,2492), c3=(2613,2773), cs=395.5ø, cm=401.1ø, ce=406.7ø, pt=(2871,2505), d=19
LINEARISING DONE. c3=(2613,2773) cs=406.7ø (end=492.9)
LINEARISING: c1=(2613,2773) max=19
   c1=(2613,2773), c2=(9,2782), c3=(-2594,2791), cs=406.7ø, cm=449.8ø, ce=492.9ø, pt=(13,3810), d=1028
   c1=(2613,2773), c2=(1313,3291), c3=(13,3810), cs=406.7ø, cm=428.2ø, ce=449.8ø, pt=(1415,3538), d=267
   c1=(2613,2773), c2=(2014,3155), c3=(1415,3538), cs=406.7ø, cm=417.4ø, ce=428.2ø, pt=(2053,3210), d=67
   c1=(2613,2773), c2=(2333,2991), c3=(2053,3210), cs=406.7ø, cm=412.0ø, ce=417.4ø, pt=(2346,3002), d=17
LINEARISING DONE. c3=(2053,3210) cs=417.4ø (end=492.9)
LINEARISING: c1=(2053,3210) max=19
   c1=(2053,3210), c2=(-270,3000), c3=(-2594,2791), cs=417.4ø, cm=455.1ø, ce=492.9ø, pt=(-339,3795), d=797
   c1=(2053,3210), c2=(857,3502), c3=(-339,3795), cs=417.4ø, cm=436.2ø, ce=455.1ø, pt=(909,3700), d=204
   c1=(2053,3210), c2=(1481,3455), c3=(909,3700), cs=417.4ø, cm=426.8ø, ce=436.2ø, pt=(1501,3502), d=51
   c1=(2053,3210), c2=(1777,3356), c3=(1501,3502), cs=417.4ø, cm=422.1ø, ce=426.8ø, pt=(1783,3367), d=12
LINEARISING DONE. c3=(1501,3502) cs=426.8ø (end=492.9)
LINEARISING: c1=(1501,3502) max=19
   c1=(1501,3502), c2=(-546,3146), c3=(-2594,2791), cs=426.8ø, cm=459.8ø, ce=492.9ø, pt=(-648,3754), d=616
   c1=(1501,3502), c2=(426,3628), c3=(-648,3754), cs=426.8ø, cm=443.3ø, ce=459.8ø, pt=(445,3784), d=157
   c1=(1501,3502), c2=(973,3643), c3=(445,3784), cs=426.8ø, cm=435.0ø, ce=443.3ø, pt=(986,3680), d=39
   c1=(1501,3502), c2=(1243,3591), c3=(986,3680), cs=426.8ø, cm=430.9ø, ce=435.0ø, pt=(1247,3600), d=9
LINEARISING DONE. c3=(986,3680) cs=435.0ø (end=492.9)
LINEARISING: c1=(986,3680) max=19
   c1=(986,3680), c2=(-804,3235), c3=(-2594,2791), cs=435.0ø, cm=463.9ø, ce=492.9ø, pt=(-915,3698), d=476
   c1=(986,3680), c2=(35,3689), c3=(-915,3698), cs=435.0ø, cm=449.4ø, ce=463.9ø, pt=(40,3810), d=121
   c1=(986,3680), c2=(513,3745), c3=(40,3810), cs=435.0ø, cm=442.2ø, ce=449.4ø, pt=(517,3775), d=30
   c1=(986,3680), c2=(751,3727), c3=(517,3775), cs=435.0ø, cm=438.6ø, ce=442.2ø, pt=(753,3735), d=8
LINEARISING DONE. c3=(517,3775) cs=442.2ø (end=492.9)
LINEARISING: c1=(517,3775) max=19
   c1=(517,3775), c2=(-1038,3283), c3=(-2594,2791), cs=442.2ø, cm=467.5ø, ce=492.9ø, pt=(-1146,3634), d=367
   c1=(517,3775), c2=(-314,3704), c3=(-1146,3634), cs=442.2ø, cm=454.8ø, ce=467.5ø, pt=(-319,3797), d=93
   c1=(517,3775), c2=(99,3786), c3=(-319,3797), cs=442.2ø, cm=448.5ø, ce=454.8ø, pt=(100,3809), d=23
   c1=(517,3775), c2=(308,3792), c3=(100,3809), cs=442.2ø, cm=445.3ø, ce=448.5ø, pt=(312,3797), d=6
LINEARISING DONE. c3=(100,3809) cs=448.5ø (end=492.9)
LINEARISING: c1=(100,3809) max=19
   c1=(100,3809), c2=(-1247,3300), c3=(-2594,2791), cs=448.5ø, cm=470.7ø, ce=492.9ø, pt=(-1347,3564), d=282
   c1=(100,3809), c2=(-623,3686), c3=(-1347,3564), cs=448.5ø, cm=459.6ø, ce=470.7ø, pt=(-635,3757), d=72
   c1=(100,3809), c2=(-267,3783), c3=(-635,3757), cs=448.5ø, cm=454.0ø, ce=459.6ø, pt=(-266,3801), d=18
LINEARISING DONE. c3=(-635,3757) cs=459.6ø (end=492.9)
LINEARISING: c1=(-635,3757) max=19
   c1=(-635,3757), c2=(-1614,3274), c3=(-2594,2791), cs=459.6ø, cm=476.2ø, ce=492.9ø, pt=(-1682,3419), d=160
   c1=(-635,3757), c2=(-1158,3588), c3=(-1682,3419), cs=459.6ø, cm=467.9ø, ce=476.2ø, pt=(-1171,3626), d=40
   c1=(-635,3757), c2=(-903,3691), c3=(-1171,3626), cs=459.6ø, cm=463.7ø, ce=467.9ø, pt=(-902,3702), d=11
LINEARISING DONE. c3=(-1171,3626) cs=467.9ø (end=492.9)
LINEARISING: c1=(-1171,3626) max=19
   c1=(-1171,3626), c2=(-1882,3208), c3=(-2594,2791), cs=467.9ø, cm=480.4ø, ce=492.9ø, pt=(-1928,3286), d=90
   c1=(-1171,3626), c2=(-1549,3456), c3=(-1928,3286), cs=467.9ø, cm=474.1ø, ce=480.4ø, pt=(-1556,3478), d=23
   c1=(-1171,3626), c2=(-1363,3552), c3=(-1556,3478), cs=467.9ø, cm=471.0ø, ce=474.1ø, pt=(-1365,3557), d=5
LINEARISING DONE. c3=(-1556,3478) cs=474.1ø (end=492.9)
LINEARISING: c1=(-1556,3478) max=19
   c1=(-1556,3478), c2=(-2075,3134), c3=(-2594,2791), cs=474.1ø, cm=483.5ø, ce=492.9ø, pt=(-2103,3177), d=51
   c1=(-1556,3478), c2=(-1829,3327), c3=(-2103,3177), cs=474.1ø, cm=478.8ø, ce=483.5ø, pt=(-1835,3339), d=13
LINEARISING DONE. c3=(-2103,3177) cs=483.5ø (end=492.9)
LINEARISING: c1=(-2103,3177) max=19
   c1=(-2103,3177), c2=(-2348,2984), c3=(-2594,2791), cs=483.5ø, cm=488.2ø, ce=492.9ø, pt=(-2356,2994), d=12
LINEARISING DONE. c3=(-2594,2791) cs=492.9ø (end=492.9)
EXPORT ARC: Arc linearised to 19 points.
EXPORT ARC: Unmapped arc: o=(0,0), r=50800, sa=49.3ø, ea=130.7ø.
EXPORT ARC: CTM: o=(0,0), rot=0.0ø, xscale=1.000000, yscale=1.000000
LINEARISING: c1=(33127,38513) max=254
   c1=(33127,38513), c2=(0,38513), c3=(-33127,38513), cs=49.3ø, cm=90.0ø, ce=130.7ø, pt=(0,50800), d=12287
   c1=(33127,38513), c2=(16563,44656), c3=(0,50800), cs=49.3ø, cm=69.6ø, ce=90.0ø, pt=(17707,47614), d=3171
   c1=(33127,38513), c2=(25417,43063), c3=(17707,47614), cs=49.3ø, cm=59.4ø, ce=69.6ø, pt=(25859,43726), d=796
   c1=(33127,38513), c2=(29493,41119), c3=(25859,43726), cs=49.3ø, cm=54.3ø, ce=59.4ø, pt=(29644,41254), d=202
LINEARISING DONE. c3=(25859,43726) cs=59.4ø (end=130.7)
LINEARISING: c1=(25859,43726) max=254
   c1=(25859,43726), c2=(-3634,41119), c3=(-33127,38513), cs=59.4ø, cm=95.0ø, ce=130.7ø, pt=(-4428,50607), d=9521
   c1=(25859,43726), c2=(10715,47166), c3=(-4428,50607), cs=59.4ø, cm=77.2ø, ce=95.0ø, pt=(11255,49538), d=2432
   c1=(25859,43726), c2=(18557,46632), c3=(11255,49538), cs=59.4ø, cm=68.3ø, ce=77.2ø, pt=(18783,47200), d=611
   c1=(25859,43726), c2=(22321,45463), c3=(18783,47200), cs=59.4ø, cm=63.8ø, ce=68.3ø, pt=(22428,45581), d=159
LINEARISING DONE. c3=(18783,47200) cs=68.3ø (end=130.7)
LINEARISING: c1=(18783,47200) max=254
   c1=(18783,47200), c2=(-7172,42856), c3=(-33127,38513), cs=68.3ø, cm=99.5ø, ce=130.7ø, pt=(-8384,50103), d=7347
   c1=(18783,47200), c2=(5199,48651), c3=(-8384,50103), cs=68.3ø, cm=83.9ø, ce=99.5ø, pt=(5398,50512), d=1871
   c1=(18783,47200), c2=(12090,48856), c3=(5398,50512), cs=68.3ø, cm=76.1ø, ce=83.9ø, pt=(12204,49312), d=470
   c1=(18783,47200), c2=(15493,48256), c3=(12204,49312), cs=68.3ø, cm=72.2ø, ce=76.1ø, pt=(15529,48368), d=117
LINEARISING DONE. c3=(12204,49312) cs=76.1ø (end=130.7)
LINEARISING: c1=(12204,49312) max=254
   c1=(12204,49312), c2=(-10461,43912), c3=(-33127,38513), cs=76.1ø, cm=103.4ø, ce=130.7ø, pt=(-11773,49417), d=5659
   c1=(12204,49312), c2=(215,49364), c3=(-11773,49417), cs=76.1ø, cm=89.7ø, ce=103.4ø, pt=(266,50799), d=1435
   c1=(12204,49312), c2=(6235,50055), c3=(266,50799), cs=76.1ø, cm=82.9ø, ce=89.7ø, pt=(6279,50410), d=357
   c1=(12204,49312), c2=(9241,49861), c3=(6279,50410), cs=76.1ø, cm=79.5ø, ce=82.9ø, pt=(9258,49949), d=89
LINEARISING DONE. c3=(6279,50410) cs=82.9ø (end=130.7)
LINEARISING: c1=(6279,50410) max=254
   c1=(6279,50410), c2=(-13424,44461), c3=(-33127,38513), cs=82.9ø, cm=106.8ø, ce=130.7ø, pt=(-14683,48632), d=4356
   c1=(6279,50410), c2=(-4202,49521), c3=(-14683,48632), cs=82.9ø, cm=94.8ø, ce=106.8ø, pt=(-4251,50622), d=1102
   c1=(6279,50410), c2=(1014,50516), c3=(-4251,50622), cs=82.9ø, cm=88.8ø, ce=94.8ø, pt=(1064,50789), d=277
   c1=(6279,50410), c2=(3671,50599), c3=(1064,50789), cs=82.9ø, cm=85.8ø, ce=88.8ø, pt=(3721,50664), d=82
LINEARISING DONE. c3=(1064,50789) cs=88.8ø (end=130.7)
LINEARISING: c1=(1064,50789) max=254
   c1=(1064,50789), c2=(-16031,44651), c3=(-33127,38513), cs=88.8ø, cm=109.7ø, ce=130.7ø, pt=(-17124,47827), d=3358
   c1=(1064,50789), c2=(-8030,49308), c3=(-17124,47827), cs=88.8ø, cm=99.2ø, ce=109.7ø, pt=(-8122,50147), d=844
   c1=(1064,50789), c2=(-3529,50468), c3=(-8122,50147), cs=88.8ø, cm=94.0ø, ce=99.2ø, pt=(-3544,50676), d=208
LINEARISING DONE. c3=(-8122,50147) cs=99.2ø (end=130.7)
LINEARISING: c1=(-8122,50147) max=254
   c1=(-8122,50147), c2=(-20624,44330), c3=(-33127,38513), cs=99.2ø, cm=114.9ø, ce=130.7ø, pt=(-21389,46078), d=1908
   c1=(-8122,50147), c2=(-14755,48112), c3=(-21389,46078), cs=99.2ø, cm=107.0ø, ce=114.9ø, pt=(-14852,48580), d=477
   c1=(-8122,50147), c2=(-11487,49363), c3=(-14852,48580), cs=99.2ø, cm=103.1ø, ce=107.0ø, pt=(-11514,49478), d=118
LINEARISING DONE. c3=(-14852,48580) cs=107.0ø (end=130.7)
LINEARISING: c1=(-14852,48580) max=254
   c1=(-14852,48580), c2=(-23989,43546), c3=(-33127,38513), cs=107.0ø, cm=118.8ø, ce=130.7ø, pt=(-24473,44516), d=1084
   c1=(-14852,48580), c2=(-19662,46548), c3=(-24473,44516), cs=107.0ø, cm=112.9ø, ce=118.8ø, pt=(-19767,46796), d=269
   c1=(-14852,48580), c2=(-17309,47688), c3=(-19767,46796), cs=107.0ø, cm=109.9ø, ce=112.9ø, pt=(-17291,47767), d=81
LINEARISING DONE. c3=(-19767,46796) cs=112.9ø (end=130.7)
LINEARISING: c1=(-19767,46796) max=254
   c1=(-19767,46796), c2=(-26447,42654), c3=(-33127,38513), cs=112.9ø, cm=121.8ø, ce=130.7ø, pt=(-26769,43175), d=612
   c1=(-19767,46796), c2=(-23268,44985), c3=(-26769,43175), cs=112.9ø, cm=117.3ø, ce=121.8ø, pt=(-23299,45142), d=160
LINEARISING DONE. c3=(-26769,43175) cs=121.8ø (end=130.7)
LINEARISING: c1=(-26769,43175) max=254
   c1=(-26769,43175), c2=(-29948,40844), c3=(-33127,38513), cs=121.8ø, cm=126.2ø, ce=130.7ø, pt=(-30003,40994), d=159
LINEARISING DONE. c3=(-33127,38513) cs=130.7ø (end=130.7)
EXPORT ARC: Arc linearised to 11 points.
