# Writing all output to: C:\Users\deoke\OneDrive\Documents\PlatformIO\Projects\SmartLorawanGeoFencing\lib\Hardware\SmartLorawanGeoFencing-2LAYER.log
Pin undefined
Pin undefined
Pin undefined
Pin undefined
Pin undefined
Pin undefined
Pin undefined
Pin undefined
Pin undefined
Pin undefined
Pin undefined
Pin undefined
Pin undefined
Pin undefined
Pin undefined
Pin undefined
Pin undefined
Pin undefined
Pin undefined
Pin undefined
Pin undefined
Pin undefined
Pin undefined
Pin undefined
Pin undefined
Pin undefined
Pin undefined
Pin undefined
Pin undefined
Pin undefined
Pin undefined
Pin undefined
Pin undefined
Pin undefined
Pin undefined
Pin undefined
Pin undefined
Pin undefined
Pin undefined
Pin undefined
Pin undefined
Pin undefined
Pin undefined
Pin undefined
Pin undefined
Pin undefined
Pin undefined
Pin undefined
Pin undefined
Pin undefined
Pin undefined
Pin undefined
Pin undefined
Pin undefined
Pin undefined
Pin undefined
Pin undefined
Pin undefined
Pin undefined
Pin undefined
Pin undefined
Pin undefined
Pin undefined
Pin undefined
Pin undefined
Pin undefined
Pin undefined
Pin undefined
Pin undefined
Pin undefined
Pin undefined
Pin undefined
Pin undefined
Pin undefined
Pin undefined
Pin undefined
Pin undefined
Pin undefined
Pin undefined
Pin undefined
Pin undefined
Pin undefined
Pin undefined
Pin undefined
Pin undefined
Pin undefined
Pin undefined
Pin undefined
Pin undefined
set pad_wire_necking on
bus diagonal
fanout 5
route 50
clean 2
route 50 16
clean 2
filter 5
recorner diagonal
status_file

